Determining if the Q_WS_WIN exist failed with the following output:
Change Dir: /home/development/kde-homerun/1.1/build/CMakeFiles/CMakeTmp

Run Build Command:/usr/bin/make "cmTryCompileExec1604491259/fast"
/usr/bin/make -f CMakeFiles/cmTryCompileExec1604491259.dir/build.make CMakeFiles/cmTryCompileExec1604491259.dir/build
make[1]: Betrete Verzeichnis '/home/development/kde-homerun/1.1/build/CMakeFiles/CMakeTmp'
/usr/bin/cmake -E cmake_progress_report /home/development/kde-homerun/1.1/build/CMakeFiles/CMakeTmp/CMakeFiles 1
Building C object CMakeFiles/cmTryCompileExec1604491259.dir/CheckSymbolExists.c.o
/usr/bin/cc   -I/usr/include/qt4    -o CMakeFiles/cmTryCompileExec1604491259.dir/CheckSymbolExists.c.o   -c /home/development/kde-homerun/1.1/build/CMakeFiles/CMakeTmp/CheckSymbolExists.c
/home/development/kde-homerun/1.1/build/CMakeFiles/CMakeTmp/CheckSymbolExists.c: In function ‘main’:
/home/development/kde-homerun/1.1/build/CMakeFiles/CMakeTmp/CheckSymbolExists.c:8:19: error: ‘Q_WS_WIN’ undeclared (first use in this function)
   return ((int*)(&Q_WS_WIN))[argc];
                   ^
/home/development/kde-homerun/1.1/build/CMakeFiles/CMakeTmp/CheckSymbolExists.c:8:19: note: each undeclared identifier is reported only once for each function it appears in
make[1]: Verlasse Verzeichnis '/home/development/kde-homerun/1.1/build/CMakeFiles/CMakeTmp'
make[1]: *** [CMakeFiles/cmTryCompileExec1604491259.dir/CheckSymbolExists.c.o] Fehler 1
make: *** [cmTryCompileExec1604491259/fast] Fehler 2

File /home/development/kde-homerun/1.1/build/CMakeFiles/CMakeTmp/CheckSymbolExists.c:
/* */
#include <QtCore/qglobal.h>

int main(int argc, char** argv)
{
  (void)argv;
#ifndef Q_WS_WIN
  return ((int*)(&Q_WS_WIN))[argc];
#else
  (void)argc;
  return 0;
#endif
}

Determining if the Q_WS_QWS exist failed with the following output:
Change Dir: /home/development/kde-homerun/1.1/build/CMakeFiles/CMakeTmp

Run Build Command:/usr/bin/make "cmTryCompileExec1612928748/fast"
/usr/bin/make -f CMakeFiles/cmTryCompileExec1612928748.dir/build.make CMakeFiles/cmTryCompileExec1612928748.dir/build
make[1]: Betrete Verzeichnis '/home/development/kde-homerun/1.1/build/CMakeFiles/CMakeTmp'
/usr/bin/cmake -E cmake_progress_report /home/development/kde-homerun/1.1/build/CMakeFiles/CMakeTmp/CMakeFiles 1
Building C object CMakeFiles/cmTryCompileExec1612928748.dir/CheckSymbolExists.c.o
/usr/bin/cc   -I/usr/include/qt4    -o CMakeFiles/cmTryCompileExec1612928748.dir/CheckSymbolExists.c.o   -c /home/development/kde-homerun/1.1/build/CMakeFiles/CMakeTmp/CheckSymbolExists.c
/home/development/kde-homerun/1.1/build/CMakeFiles/CMakeTmp/CheckSymbolExists.c: In function ‘main’:
/home/development/kde-homerun/1.1/build/CMakeFiles/CMakeTmp/CheckSymbolExists.c:8:19: error: ‘Q_WS_QWS’ undeclared (first use in this function)
   return ((int*)(&Q_WS_QWS))[argc];
                   ^
/home/development/kde-homerun/1.1/build/CMakeFiles/CMakeTmp/CheckSymbolExists.c:8:19: note: each undeclared identifier is reported only once for each function it appears in
make[1]: Verlasse Verzeichnis '/home/development/kde-homerun/1.1/build/CMakeFiles/CMakeTmp'
make[1]: *** [CMakeFiles/cmTryCompileExec1612928748.dir/CheckSymbolExists.c.o] Fehler 1
make: *** [cmTryCompileExec1612928748/fast] Fehler 2

File /home/development/kde-homerun/1.1/build/CMakeFiles/CMakeTmp/CheckSymbolExists.c:
/* */
#include <QtCore/qglobal.h>

int main(int argc, char** argv)
{
  (void)argv;
#ifndef Q_WS_QWS
  return ((int*)(&Q_WS_QWS))[argc];
#else
  (void)argc;
  return 0;
#endif
}

Determining if the Q_WS_MAC exist failed with the following output:
Change Dir: /home/development/kde-homerun/1.1/build/CMakeFiles/CMakeTmp

Run Build Command:/usr/bin/make "cmTryCompileExec299368813/fast"
/usr/bin/make -f CMakeFiles/cmTryCompileExec299368813.dir/build.make CMakeFiles/cmTryCompileExec299368813.dir/build
make[1]: Betrete Verzeichnis '/home/development/kde-homerun/1.1/build/CMakeFiles/CMakeTmp'
/usr/bin/cmake -E cmake_progress_report /home/development/kde-homerun/1.1/build/CMakeFiles/CMakeTmp/CMakeFiles 1
Building C object CMakeFiles/cmTryCompileExec299368813.dir/CheckSymbolExists.c.o
/usr/bin/cc   -I/usr/include/qt4    -o CMakeFiles/cmTryCompileExec299368813.dir/CheckSymbolExists.c.o   -c /home/development/kde-homerun/1.1/build/CMakeFiles/CMakeTmp/CheckSymbolExists.c
/home/development/kde-homerun/1.1/build/CMakeFiles/CMakeTmp/CheckSymbolExists.c: In function ‘main’:
/home/development/kde-homerun/1.1/build/CMakeFiles/CMakeTmp/CheckSymbolExists.c:8:19: error: ‘Q_WS_MAC’ undeclared (first use in this function)
   return ((int*)(&Q_WS_MAC))[argc];
                   ^
/home/development/kde-homerun/1.1/build/CMakeFiles/CMakeTmp/CheckSymbolExists.c:8:19: note: each undeclared identifier is reported only once for each function it appears in
make[1]: Verlasse Verzeichnis '/home/development/kde-homerun/1.1/build/CMakeFiles/CMakeTmp'
make[1]: *** [CMakeFiles/cmTryCompileExec299368813.dir/CheckSymbolExists.c.o] Fehler 1
make: *** [cmTryCompileExec299368813/fast] Fehler 2

File /home/development/kde-homerun/1.1/build/CMakeFiles/CMakeTmp/CheckSymbolExists.c:
/* */
#include <QtCore/qglobal.h>

int main(int argc, char** argv)
{
  (void)argv;
#ifndef Q_WS_MAC
  return ((int*)(&Q_WS_MAC))[argc];
#else
  (void)argc;
  return 0;
#endif
}

Determining if the pthread_create exist failed with the following output:
Change Dir: /home/development/kde-homerun/1.1/build/CMakeFiles/CMakeTmp

Run Build Command:/usr/bin/make "cmTryCompileExec4109871571/fast"
/usr/bin/make -f CMakeFiles/cmTryCompileExec4109871571.dir/build.make CMakeFiles/cmTryCompileExec4109871571.dir/build
make[1]: Betrete Verzeichnis '/home/development/kde-homerun/1.1/build/CMakeFiles/CMakeTmp'
/usr/bin/cmake -E cmake_progress_report /home/development/kde-homerun/1.1/build/CMakeFiles/CMakeTmp/CMakeFiles 1
Building C object CMakeFiles/cmTryCompileExec4109871571.dir/CheckSymbolExists.c.o
/usr/bin/cc    -o CMakeFiles/cmTryCompileExec4109871571.dir/CheckSymbolExists.c.o   -c /home/development/kde-homerun/1.1/build/CMakeFiles/CMakeTmp/CheckSymbolExists.c
Linking C executable cmTryCompileExec4109871571
/usr/bin/cmake -E cmake_link_script CMakeFiles/cmTryCompileExec4109871571.dir/link.txt --verbose=1
/usr/bin/cc         CMakeFiles/cmTryCompileExec4109871571.dir/CheckSymbolExists.c.o  -o cmTryCompileExec4109871571 -rdynamic 
CMakeFiles/cmTryCompileExec4109871571.dir/CheckSymbolExists.c.o: In Funktion `main':
CheckSymbolExists.c:(.text+0xa): Nicht definierter Verweis auf `pthread_create'
collect2: error: ld returned 1 exit status
make[1]: Verlasse Verzeichnis '/home/development/kde-homerun/1.1/build/CMakeFiles/CMakeTmp'
make[1]: *** [cmTryCompileExec4109871571] Fehler 1
make: *** [cmTryCompileExec4109871571/fast] Fehler 2

File /home/development/kde-homerun/1.1/build/CMakeFiles/CMakeTmp/CheckSymbolExists.c:
/* */
#include <pthread.h>

int main(int argc, char** argv)
{
  (void)argv;
#ifndef pthread_create
  return ((int*)(&pthread_create))[argc];
#else
  (void)argc;
  return 0;
#endif
}

Determining if the function pthread_create exists in the pthreads failed with the following output:
Change Dir: /home/development/kde-homerun/1.1/build/CMakeFiles/CMakeTmp

Run Build Command:/usr/bin/make "cmTryCompileExec2441529323/fast"
/usr/bin/make -f CMakeFiles/cmTryCompileExec2441529323.dir/build.make CMakeFiles/cmTryCompileExec2441529323.dir/build
make[1]: Betrete Verzeichnis '/home/development/kde-homerun/1.1/build/CMakeFiles/CMakeTmp'
/usr/bin/cmake -E cmake_progress_report /home/development/kde-homerun/1.1/build/CMakeFiles/CMakeTmp/CMakeFiles 1
Building C object CMakeFiles/cmTryCompileExec2441529323.dir/CheckFunctionExists.c.o
/usr/bin/cc   -DCHECK_FUNCTION_EXISTS=pthread_create   -o CMakeFiles/cmTryCompileExec2441529323.dir/CheckFunctionExists.c.o   -c /usr/share/cmake-2.8/Modules/CheckFunctionExists.c
Linking C executable cmTryCompileExec2441529323
/usr/bin/cmake -E cmake_link_script CMakeFiles/cmTryCompileExec2441529323.dir/link.txt --verbose=1
/usr/bin/cc     -DCHECK_FUNCTION_EXISTS=pthread_create    CMakeFiles/cmTryCompileExec2441529323.dir/CheckFunctionExists.c.o  -o cmTryCompileExec2441529323 -rdynamic -lpthreads 
/usr/bin/ld: cannot find -lpthreads
collect2: error: ld returned 1 exit status
make[1]: Verlasse Verzeichnis '/home/development/kde-homerun/1.1/build/CMakeFiles/CMakeTmp'
make[1]: *** [cmTryCompileExec2441529323] Fehler 1
make: *** [cmTryCompileExec2441529323/fast] Fehler 2


Performing C++ SOURCE FILE Test _OFFT_IS_64BIT failed with the following output:
Change Dir: /home/development/kde-homerun/1.1/build/CMakeFiles/CMakeTmp

Run Build Command:/usr/bin/make "cmTryCompileExec1649840468/fast"
/usr/bin/make -f CMakeFiles/cmTryCompileExec1649840468.dir/build.make CMakeFiles/cmTryCompileExec1649840468.dir/build
make[1]: Betrete Verzeichnis '/home/development/kde-homerun/1.1/build/CMakeFiles/CMakeTmp'
/usr/bin/cmake -E cmake_progress_report /home/development/kde-homerun/1.1/build/CMakeFiles/CMakeTmp/CMakeFiles 1
Building CXX object CMakeFiles/cmTryCompileExec1649840468.dir/src.cxx.o
/usr/bin/c++    -D_OFFT_IS_64BIT   -o CMakeFiles/cmTryCompileExec1649840468.dir/src.cxx.o -c /home/development/kde-homerun/1.1/build/CMakeFiles/CMakeTmp/src.cxx
/home/development/kde-homerun/1.1/build/CMakeFiles/CMakeTmp/src.cxx:7:36: warning: left shift count >= width of type [enabled by default]
 #define LARGE_OFF_T (((off_t) 1 << 62) - 1 + ((off_t) 1 << 62))
                                    ^
/home/development/kde-homerun/1.1/build/CMakeFiles/CMakeTmp/src.cxx:9:23: note: in expansion of macro ‘LARGE_OFF_T’
   int off_t_is_large[(LARGE_OFF_T % 2147483629 == 721 && LARGE_OFF_T % 2147483647 == 1) ? 1 : -1];
                       ^
/home/development/kde-homerun/1.1/build/CMakeFiles/CMakeTmp/src.cxx:7:60: warning: left shift count >= width of type [enabled by default]
 #define LARGE_OFF_T (((off_t) 1 << 62) - 1 + ((off_t) 1 << 62))
                                                            ^
/home/development/kde-homerun/1.1/build/CMakeFiles/CMakeTmp/src.cxx:9:23: note: in expansion of macro ‘LARGE_OFF_T’
   int off_t_is_large[(LARGE_OFF_T % 2147483629 == 721 && LARGE_OFF_T % 2147483647 == 1) ? 1 : -1];
                       ^
/home/development/kde-homerun/1.1/build/CMakeFiles/CMakeTmp/src.cxx:9:97: error: size of array ‘off_t_is_large’ is negative
   int off_t_is_large[(LARGE_OFF_T % 2147483629 == 721 && LARGE_OFF_T % 2147483647 == 1) ? 1 : -1];
                                                                                                 ^
make[1]: Verlasse Verzeichnis '/home/development/kde-homerun/1.1/build/CMakeFiles/CMakeTmp'
make[1]: *** [CMakeFiles/cmTryCompileExec1649840468.dir/src.cxx.o] Fehler 1
make: *** [cmTryCompileExec1649840468/fast] Fehler 2

Source file was:

#include <sys/types.h>
 /* Check that off_t can represent 2**63 - 1 correctly.
    We can't simply define LARGE_OFF_T to be 9223372036854775807,
    since some C++ compilers masquerading as C compilers
    incorrectly reject 9223372036854775807.  */
#define LARGE_OFF_T (((off_t) 1 << 62) - 1 + ((off_t) 1 << 62))

  int off_t_is_large[(LARGE_OFF_T % 2147483629 == 721 && LARGE_OFF_T % 2147483647 == 1) ? 1 : -1];
  int main() { return 0; }

